2017-05-30/21:01:48 [Error] lmq/platform.go lmq/lmq.AddPlatform 59 ORP dataman is exist
2017-05-30/21:07:45 [Error] lmq/platform.go lmq/lmq.AddPlatform 61 ORP dataman is exist
2017-05-30/21:12:59 [Error] lmq/platform.go lmq/lmq.AddPlatform 61 ORP dataman is exist
2017-05-30/21:18:48 [Error] lmq/platform.go lmq/lmq.AddPlatform 61 ORP dataman is exist
2017-05-30/21:18:48 [Error] lmq/platform.go lmq/lmq.AddPlatform 61 ORP datatrans is exist
2017-05-30/21:18:48 [Error] lmq/platform.go lmq/lmq.OutPutPlatformList 69 {"ORCP":{"Name":"ORCP","ModuleList":["product"],"UsedQueueCount":0,"MaxQueueCount":100},"ORP":{"Name":"ORP","ModuleList":["dataman","product","datatrans"],"UsedQueueCount":0,"MaxQueueCount":100}}
2017-06-04/17:59:16 [Error] db/index.go lmq/db.GetIndexInfo 104 GetIndexInfo id=5, nameIndex=0
2017-06-04/17:59:16 [Error] db/index.go lmq/db.deleteIndex 98 deleteIndex id=5, nameIndex=0
2017-06-04/17:59:16 [Error] db/index.go lmq/db.GetIndexInfo 104 GetIndexInfo id=5, nameIndex=0
2017-06-04/17:59:16 [Error] db/index.go lmq/db.GetIndexInfo 104 GetIndexInfo id=107, nameIndex=0
2017-06-04/21:53:41 [Trace] db/index.go lmq/db.GetIndex 101 GetIndexInfo id=5, nameIndex=0
2017-06-04/21:53:41 [Trace] db/index.go lmq/db.deleteIndex 95 deleteIndex id=5, nameIndex=0
2017-06-04/21:53:41 [Trace] db/index.go lmq/db.GetIndex 101 GetIndexInfo id=5, nameIndex=0
2017-06-04/21:53:41 [Trace] db/index.go lmq/db.GetIndex 101 GetIndexInfo id=107, nameIndex=0
2017-07-12/15:07:25 [Trace] db/index.go lmq/db.GetIndex 101 GetIndexInfo id=5, nameIndex=0
2017-07-12/15:07:25 [Trace] db/index.go lmq/db.deleteIndex 95 deleteIndex id=5, nameIndex=0
2017-07-12/15:07:25 [Trace] db/index.go lmq/db.GetIndex 101 GetIndexInfo id=5, nameIndex=0
2017-07-12/15:07:25 [Trace] db/index.go lmq/db.GetIndex 101 GetIndexInfo id=107, nameIndex=0
2017-07-12/15:32:06 [Trace] db/index.go lmq/db.GetIndex 101 GetIndexInfo id=5, nameIndex=0
2017-07-12/15:32:06 [Trace] db/index.go lmq/db.deleteIndex 95 deleteIndex id=5, nameIndex=0
2017-07-12/15:32:07 [Trace] db/index.go lmq/db.GetIndex 101 GetIndexInfo id=5, nameIndex=0
2017-07-12/15:32:07 [Trace] db/index.go lmq/db.GetIndex 101 GetIndexInfo id=107, nameIndex=0
2017-07-12/15:33:41 [Trace] db/index.go lmq/db.GetIndex 101 GetIndexInfo id=5, nameIndex=0
2017-07-12/15:33:41 [Trace] db/index.go lmq/db.deleteIndex 95 deleteIndex id=5, nameIndex=0
2017-07-12/15:33:41 [Trace] db/index.go lmq/db.GetIndex 101 GetIndexInfo id=5, nameIndex=0
2017-07-12/15:33:41 [Trace] db/index.go lmq/db.GetIndex 101 GetIndexInfo id=107, nameIndex=0
2017-07-12/15:33:55 [Trace] db/index.go lmq/db.GetIndex 101 GetIndexInfo id=5, nameIndex=0
2017-07-12/15:33:55 [Trace] db/index.go lmq/db.deleteIndex 95 deleteIndex id=5, nameIndex=0
2017-07-12/15:33:55 [Trace] db/index.go lmq/db.GetIndex 101 GetIndexInfo id=5, nameIndex=0
2017-07-12/15:33:55 [Trace] db/index.go lmq/db.GetIndex 101 GetIndexInfo id=107, nameIndex=0
2017-07-19/14:53:51 [Trace] db/index.go lmq/db.GetIndex 101 GetIndexInfo id=5, nameIndex=0
2017-07-19/14:53:51 [Trace] db/index.go lmq/db.deleteIndex 95 deleteIndex id=5, nameIndex=0
2017-07-19/14:53:51 [Trace] db/index.go lmq/db.GetIndex 101 GetIndexInfo id=5, nameIndex=0
